------------------------------------------------------------------------------------------------------
      name:  log_02
       log:  C:/Users/ji252/Documents/GitHub/multnomah-county-tax/code/logs/02_log_flow_2026-01-15.log
  log type:  text
 opened on:  16 Jan 2026, 08:40:08

. 
. ** Parameters
. local reps = 100

. 
. ** Load IRS Data
. use "${data}working/irs_county_flow.dta", clear

. 
. ** Sample restrictions
. drop if inlist(state_fips_o, 2, 15)     // Alaska and Hawaii
(3,109 observations deleted)

. drop if inlist(state_fips_d, 2, 15)     // Alaska and Hawaii
(2,293 observations deleted)

. 
. ** Clean up variables
. drop fips

. 
. ** Merge with time-varying controls
. 
. ** Keep if in donor pool in both origin and destination
. foreach x in "o" "d" {
  2. 
.         ** Merge with relevent variables
.         gen fips = fips_`x'
  3.         merge m:1 year fips using "${data}working/bls_unemployment",    ///
>                 keep(match) gen(merge_bls_`x')
  4.         merge m:1 year fips using "${data}working/bea_economics",               ///
>                 keep(match) gen(merge_bea_`x')
  5. 
.         ** Rename
.         rename unemp unemp_`x'
  6.         rename population pop_`x'
  7.         rename per_capita_income per_capita_income_`x'
  8.         drop fips
  9. 
. } // END ORIGIN-DESTINATION LOOP
(variable fips was float, now double to accommodate using data's values)

    Result                      Number of obs
    -----------------------------------------
    Not matched                             0
    Matched                           353,742  (merge_bls_o==3)
    -----------------------------------------

    Result                      Number of obs
    -----------------------------------------
    Not matched                             0
    Matched                           348,116  (merge_bea_o==3)
    -----------------------------------------
(variable fips was float, now double to accommodate using data's values)

    Result                      Number of obs
    -----------------------------------------
    Not matched                             0
    Matched                           345,941  (merge_bls_d==3)
    -----------------------------------------

    Result                      Number of obs
    -----------------------------------------
    Not matched                             0
    Matched                           342,102  (merge_bea_d==3)
    -----------------------------------------

. 
. 
. ** Mover indicators
. gen mover = fips_o != fips_d

. 
. ** Generate flow id
. egen flow_id = group(fips_d fips_o)

. 
. ** Keep balanced panel of flows 
. bysort flow_id: gen ct = _N

. tab ct 

         ct |      Freq.     Percent        Cum.
------------+-----------------------------------
          1 |     10,447        3.05        3.05
          2 |     11,672        3.41        6.47
          3 |     13,200        3.86       10.32
          4 |     15,228        4.45       14.78
          5 |     18,945        5.54       20.31
          6 |     29,766        8.70       29.01
          7 |    242,844       70.99      100.00
------------+-----------------------------------
      Total |    342,102      100.00

. keep if ct >= 7
(99,258 observations deleted)

. 
. ** Multnomah indicators
. gen out_multnomah = (state_fips_o == 41 & county_fips_o == 51)

. gen in_multnomah = (state_fips_d == 41 & county_fips_d == 51)

. 
. ** Post-indicators
. gen post = year > 2020

. 
. ** Interactions
. gen in_multnomah_post = in_multnomah * post

. gen out_multnomah_post = out_multnomah * post

. 
. ** Create interactions manually (base year = 2020)
. forvalues y = 2016/2022 {
  2.         gen x_out_`y' = out_multnomah * (year == `y')
  3.         gen x_in_`y' = in_multnomah * (year == `y')
  4. }

. 
. ** Drop base year (2020)
. drop x_out_2020 x_in_2020  

. 
. ********************************************************************************
. ** REGRESSION 1: Multnomah X Post (DiD)
. ********************************************************************************
. 
. ** Data cleaning 
. replace agi = 0 if agi < 0 
(52 real changes made)

. 
. ** Loop over outcome variables
. foreach outcome in n1 n2 agi {
  2. 
.         ** Set outcome label for graphs
.         if "`outcome'" == "n1" local outcome_label "Number of Returns"
  3.         if "`outcome'" == "n2" local outcome_label "Number of Exemptions"
  4.         if "`outcome'" == "agi" local outcome_label "Adjusted Gross Income"
  5. 
.         ** Regression 1a: With covariates
.         ppmlhdfe `outcome' i.out_multnomah_post i.in_multnomah_post     ///
>                 unemp_* pop_* per_capita_income_*                                                   
>     ///
>                 if mover == 1,                                                                      
>                     ///
>                 absorb(year flow_id) vce(cluster flow_id)
  6.         estimates store `outcome'_with_covars
  7. 
.         ** Regression 1b: Without covariates
.         ppmlhdfe `outcome' i.out_multnomah_post i.in_multnomah_post     ///
>                 if mover == 1,                                                                      
>                     ///
>                 absorb(year flow_id) vce(cluster flow_id)
  8.         estimates store `outcome'_no_covars
  9.         
.         ** Plot both regressions
.         coefplot        (`outcome'_with_covars, label("With Covariates")        ///
>                                         mc(navy) ciopts(lc(navy)))                                  
>             ///
>                                 (`outcome'_no_covars, label("Without Covariates")       ///
>                                         mc(maroon) ciopts(lc(maroon))),                             
>     ///
>                 keep(1.out_multnomah_post 1.in_multnomah_post)                          ///
>                 ciopts(recast(rcap))                                                                
>             ///
>                 yline(0, lc(gs10) lp(dash))                                                         
>     ///
>                 xline(0, lc(gs10) lp(dash))                                                         
>     ///
>                 coeflabels(     1.out_multnomah_post = "Out-migration"                  ///
>                                         1.in_multnomah_post = "In-migration")                   ///
>                 ytitle("Coefficient")                                                               
>             ///
>                 xtitle("")                                                                          
>                             ///
>                 legend(pos(6) rows(1))                                                              
>             ///
>                 title("Migration Flows: Multnomah County x Post")                       ///
>                 subtitle("`outcome_label'")                                                         
>             ///
>                 graphregion(color(white))
 10. 
.         graph export "${results}flows/fig_multnomah_post_`outcome'.png", replace
 11. 
. 
. } // END OUTCOME LOOP
Iteration 1:   deviance = 2.5745e+06  eps = .         iters = 3    tol = 1.0e-04  min(eta) =  -2.73  P
>    
Iteration 2:   deviance = 5.6235e+05  eps = 3.58e+00  iters = 2    tol = 1.0e-04  min(eta) =  -3.26   
>    
Iteration 3:   deviance = 5.2328e+05  eps = 7.47e-02  iters = 2    tol = 1.0e-04  min(eta) =  -3.45   
>    
Iteration 4:   deviance = 5.2323e+05  eps = 1.11e-04  iters = 2    tol = 1.0e-04  min(eta) =  -3.47   
>    
Iteration 5:   deviance = 5.2323e+05  eps = 1.69e-09  iters = 1    tol = 1.0e-04  min(eta) =  -3.47   
>    
Iteration 6:   deviance = 5.2323e+05  eps = 2.52e-16  iters = 1    tol = 1.0e-05  min(eta) =  -3.47   
> S  
Iteration 7:   deviance = 5.2323e+05  eps = 1.26e-16  iters = 1    tol = 1.0e-09  min(eta) =  -3.47   
> S O
------------------------------------------------------------------------------------------------------
> ------
(legend: p: exact partial-out   s: exact solver   h: step-halving   o: epsilon below tolerance)
Converged in 7 iterations and 12 HDFE sub-iterations (tol = 1.0e-08)

HDFE PPML regression                              No. of obs      =    242,844
Absorbing 2 HDFE groups                           Residual df     =     34,691
Statistics robust to heteroskedasticity           Wald chi2(8)    =    1039.96
Deviance             =  523226.0213               Prob > chi2     =     0.0000
Log pseudolikelihood = -1008038.515               Pseudo R2       =     0.9799

Number of clusters (flow_id)=     34,692
                                   (Std. err. adjusted for 34,692 clusters in flow_id)
--------------------------------------------------------------------------------------
                     |               Robust
                  n1 | Coefficient  std. err.      z    P>|z|     [95% conf. interval]
---------------------+----------------------------------------------------------------
1.out_multnomah_post |   .0088172   .0227387     0.39   0.698    -.0357498    .0533841
 1.in_multnomah_post |  -.0757481   .0164515    -4.60   0.000    -.1079924   -.0435039
             unemp_o |   .0240935   .0010083    23.90   0.000     .0221173    .0260697
             unemp_d |  -.0219545    .001033   -21.25   0.000    -.0239792   -.0199298
               pop_o |   6.31e-08   3.21e-08     1.97   0.049     2.11e-10    1.26e-07
               pop_d |   3.60e-07   3.33e-08    10.79   0.000     2.94e-07    4.25e-07
 per_capita_income_o |   2.18e-06   3.81e-07     5.72   0.000     1.43e-06    2.92e-06
 per_capita_income_d |  -1.62e-06   2.97e-07    -5.44   0.000    -2.20e-06   -1.03e-06
               _cons |   5.802999   .0561722   103.31   0.000     5.692903    5.913094
--------------------------------------------------------------------------------------

Absorbed degrees of freedom:
-----------------------------------------------------+
 Absorbed FE | Categories  - Redundant  = Num. Coefs |
-------------+---------------------------------------|
        year |         7           1           6     |
     flow_id |     34692       34692           0    *|
-----------------------------------------------------+
* = FE nested within cluster; treated as redundant for DoF computation
Iteration 1:   deviance = 2.5987e+06  eps = .         iters = 3    tol = 1.0e-04  min(eta) =  -2.69  P
>    
Iteration 2:   deviance = 5.8515e+05  eps = 3.44e+00  iters = 2    tol = 1.0e-04  min(eta) =  -3.23   
>    
Iteration 3:   deviance = 5.4608e+05  eps = 7.15e-02  iters = 2    tol = 1.0e-04  min(eta) =  -3.42   
>    
Iteration 4:   deviance = 5.4602e+05  eps = 1.06e-04  iters = 2    tol = 1.0e-04  min(eta) =  -3.44   
>    
Iteration 5:   deviance = 5.4602e+05  eps = 1.62e-09  iters = 1    tol = 1.0e-04  min(eta) =  -3.44   
>    
Iteration 6:   deviance = 5.4602e+05  eps = 2.41e-16  iters = 1    tol = 1.0e-05  min(eta) =  -3.44   
> S  
Iteration 7:   deviance = 5.4602e+05  eps = 1.21e-16  iters = 1    tol = 1.0e-09  min(eta) =  -3.44   
> S O
------------------------------------------------------------------------------------------------------
> ------
(legend: p: exact partial-out   s: exact solver   h: step-halving   o: epsilon below tolerance)
Converged in 7 iterations and 12 HDFE sub-iterations (tol = 1.0e-08)

HDFE PPML regression                              No. of obs      =    242,844
Absorbing 2 HDFE groups                           Residual df     =     34,691
Statistics robust to heteroskedasticity           Wald chi2(2)    =      30.36
Deviance             =  546024.8437               Prob > chi2     =     0.0000
Log pseudolikelihood = -1019437.927               Pseudo R2       =     0.9797

Number of clusters (flow_id)=     34,692
                                   (Std. err. adjusted for 34,692 clusters in flow_id)
--------------------------------------------------------------------------------------
                     |               Robust
                  n1 | Coefficient  std. err.      z    P>|z|     [95% conf. interval]
---------------------+----------------------------------------------------------------
1.out_multnomah_post |   .0154431   .0233843     0.66   0.509    -.0303893    .0612755
 1.in_multnomah_post |  -.0855705   .0156644    -5.46   0.000    -.1162723   -.0548688
               _cons |   6.332383   .0000377  1.7e+05   0.000     6.332309    6.332457
--------------------------------------------------------------------------------------

Absorbed degrees of freedom:
-----------------------------------------------------+
 Absorbed FE | Categories  - Redundant  = Num. Coefs |
-------------+---------------------------------------|
        year |         7           1           6     |
     flow_id |     34692       34692           0    *|
-----------------------------------------------------+
* = FE nested within cluster; treated as redundant for DoF computation
file C:/Users/ji252/Documents/GitHub/multnomah-county-tax/results/flows/fig_multnomah_post_n1.png
    saved as PNG format
Iteration 1:   deviance = 4.8771e+06  eps = .         iters = 3    tol = 1.0e-04  min(eta) =  -2.81  P
>    
Iteration 2:   deviance = 1.2303e+06  eps = 2.96e+00  iters = 2    tol = 1.0e-04  min(eta) =  -3.37   
>    
Iteration 3:   deviance = 1.1553e+06  eps = 6.50e-02  iters = 2    tol = 1.0e-04  min(eta) =  -3.65   
>    
Iteration 4:   deviance = 1.1551e+06  eps = 1.41e-04  iters = 2    tol = 1.0e-04  min(eta) =  -3.69   
>    
Iteration 5:   deviance = 1.1551e+06  eps = 8.37e-09  iters = 1    tol = 1.0e-04  min(eta) =  -3.69   
>    
Iteration 6:   deviance = 1.1551e+06  eps = 4.13e-16  iters = 1    tol = 1.0e-05  min(eta) =  -3.69   
> S  
Iteration 7:   deviance = 1.1551e+06  eps = 2.06e-16  iters = 1    tol = 1.0e-09  min(eta) =  -3.69   
> S O
------------------------------------------------------------------------------------------------------
> ------
(legend: p: exact partial-out   s: exact solver   h: step-halving   o: epsilon below tolerance)
Converged in 7 iterations and 12 HDFE sub-iterations (tol = 1.0e-08)

HDFE PPML regression                              No. of obs      =    242,844
Absorbing 2 HDFE groups                           Residual df     =     34,691
Statistics robust to heteroskedasticity           Wald chi2(8)    =    1017.21
Deviance             =  1155101.236               Prob > chi2     =     0.0000
Log pseudolikelihood = -1394106.164               Pseudo R2       =     0.9845

Number of clusters (flow_id)=     34,692
                                   (Std. err. adjusted for 34,692 clusters in flow_id)
--------------------------------------------------------------------------------------
                     |               Robust
                  n2 | Coefficient  std. err.      z    P>|z|     [95% conf. interval]
---------------------+----------------------------------------------------------------
1.out_multnomah_post |   .0113317   .0200657     0.56   0.572    -.0279963    .0506596
 1.in_multnomah_post |  -.0737369   .0155564    -4.74   0.000     -.104227   -.0432469
             unemp_o |   .0227199   .0010565    21.51   0.000     .0206492    .0247906
             unemp_d |  -.0240049   .0011102   -21.62   0.000    -.0261809   -.0218289
               pop_o |   5.08e-08   3.25e-08     1.56   0.118    -1.28e-08    1.15e-07
               pop_d |   3.56e-07   3.08e-08    11.59   0.000     2.96e-07    4.17e-07
 per_capita_income_o |   2.55e-06   3.93e-07     6.49   0.000     1.78e-06    3.32e-06
 per_capita_income_d |  -2.08e-06   3.19e-07    -6.53   0.000    -2.71e-06   -1.46e-06
               _cons |    6.45028   .0564924   114.18   0.000     6.339557    6.561003
--------------------------------------------------------------------------------------

Absorbed degrees of freedom:
-----------------------------------------------------+
 Absorbed FE | Categories  - Redundant  = Num. Coefs |
-------------+---------------------------------------|
        year |         7           1           6     |
     flow_id |     34692       34692           0    *|
-----------------------------------------------------+
* = FE nested within cluster; treated as redundant for DoF computation
Iteration 1:   deviance = 4.9204e+06  eps = .         iters = 3    tol = 1.0e-04  min(eta) =  -2.75  P
>    
Iteration 2:   deviance = 1.2717e+06  eps = 2.87e+00  iters = 2    tol = 1.0e-04  min(eta) =  -3.36   
>    
Iteration 3:   deviance = 1.1967e+06  eps = 6.27e-02  iters = 2    tol = 1.0e-04  min(eta) =  -3.63   
>    
Iteration 4:   deviance = 1.1965e+06  eps = 1.36e-04  iters = 2    tol = 1.0e-04  min(eta) =  -3.68   
>    
Iteration 5:   deviance = 1.1965e+06  eps = 8.02e-09  iters = 1    tol = 1.0e-04  min(eta) =  -3.68   
>    
Iteration 6:   deviance = 1.1965e+06  eps = 5.98e-16  iters = 1    tol = 1.0e-05  min(eta) =  -3.68   
> S  
Iteration 7:   deviance = 1.1965e+06  eps = 0.00e+00  iters = 1    tol = 1.0e-09  min(eta) =  -3.68   
> S O
------------------------------------------------------------------------------------------------------
> ------
(legend: p: exact partial-out   s: exact solver   h: step-halving   o: epsilon below tolerance)
Converged in 7 iterations and 12 HDFE sub-iterations (tol = 1.0e-08)

HDFE PPML regression                              No. of obs      =    242,844
Absorbing 2 HDFE groups                           Residual df     =     34,691
Statistics robust to heteroskedasticity           Wald chi2(2)    =      33.81
Deviance             =  1196511.489               Prob > chi2     =     0.0000
Log pseudolikelihood = -1414811.291               Pseudo R2       =     0.9842

Number of clusters (flow_id)=     34,692
                                   (Std. err. adjusted for 34,692 clusters in flow_id)
--------------------------------------------------------------------------------------
                     |               Robust
                  n2 | Coefficient  std. err.      z    P>|z|     [95% conf. interval]
---------------------+----------------------------------------------------------------
1.out_multnomah_post |   .0173025   .0198624     0.87   0.384    -.0216271    .0562321
 1.in_multnomah_post |  -.0861147   .0150124    -5.74   0.000    -.1155384    -.056691
               _cons |   6.917879   .0000275  2.5e+05   0.000     6.917825    6.917933
--------------------------------------------------------------------------------------

Absorbed degrees of freedom:
-----------------------------------------------------+
 Absorbed FE | Categories  - Redundant  = Num. Coefs |
-------------+---------------------------------------|
        year |         7           1           6     |
     flow_id |     34692       34692           0    *|
-----------------------------------------------------+
* = FE nested within cluster; treated as redundant for DoF computation
file C:/Users/ji252/Documents/GitHub/multnomah-county-tax/results/flows/fig_multnomah_post_n2.png
    saved as PNG format
Iteration 1:   deviance = 3.6390e+08  eps = .         iters = 4    tol = 1.0e-04  min(eta) =  -3.61  P
>    
Iteration 2:   deviance = 1.5381e+08  eps = 1.37e+00  iters = 3    tol = 1.0e-04  min(eta) =  -4.10   
>    
Iteration 3:   deviance = 1.4573e+08  eps = 5.55e-02  iters = 2    tol = 1.0e-04  min(eta) =  -4.67   
>    
Iteration 4:   deviance = 1.4561e+08  eps = 7.98e-04  iters = 2    tol = 1.0e-04  min(eta) =  -4.92   
>    
Iteration 5:   deviance = 1.4561e+08  eps = 1.85e-06  iters = 2    tol = 1.0e-04  min(eta) =  -4.96   
>    
Iteration 6:   deviance = 1.4561e+08  eps = 4.56e-11  iters = 2    tol = 1.0e-05  min(eta) =  -4.96   
> S  
Iteration 7:   deviance = 1.4561e+08  eps = 0.00e+00  iters = 1    tol = 1.0e-07  min(eta) =  -4.96   
> S  
Iteration 8:   deviance = 1.4561e+08  eps = 1.53e-16  iters = 1    tol = 1.0e-09  min(eta) =  -4.96   
> S O
------------------------------------------------------------------------------------------------------
> ------
(legend: p: exact partial-out   s: exact solver   h: step-halving   o: epsilon below tolerance)
Converged in 8 iterations and 17 HDFE sub-iterations (tol = 1.0e-08)

HDFE PPML regression                              No. of obs      =    242,844
Absorbing 2 HDFE groups                           Residual df     =     34,691
Statistics robust to heteroskedasticity           Wald chi2(8)    =     349.65
Deviance             =  145610883.4               Prob > chi2     =     0.0000
Log pseudolikelihood =  -74045181.7               Pseudo R2       =     0.9824

Number of clusters (flow_id)=     34,692
                                   (Std. err. adjusted for 34,692 clusters in flow_id)
--------------------------------------------------------------------------------------
                     |               Robust
                 agi | Coefficient  std. err.      z    P>|z|     [95% conf. interval]
---------------------+----------------------------------------------------------------
1.out_multnomah_post |   .1637083   .0574195     2.85   0.004     .0511681    .2762484
 1.in_multnomah_post |  -.1842754   .0216594    -8.51   0.000    -.2267272   -.1418237
             unemp_o |   .0432255   .0057777     7.48   0.000     .0319015    .0545496
             unemp_d |   -.045658   .0040973   -11.14   0.000    -.0536885   -.0376275
               pop_o |  -2.81e-07   6.48e-08    -4.34   0.000    -4.08e-07   -1.54e-07
               pop_d |   4.59e-07   7.88e-08     5.82   0.000     3.04e-07    6.13e-07
 per_capita_income_o |   8.31e-06   9.61e-07     8.65   0.000     6.43e-06    .0000102
 per_capita_income_d |   1.20e-06   8.87e-07     1.35   0.177    -5.42e-07    2.94e-06
               _cons |   9.996335   .1489622    67.11   0.000     9.704374     10.2883
--------------------------------------------------------------------------------------

Absorbed degrees of freedom:
-----------------------------------------------------+
 Absorbed FE | Categories  - Redundant  = Num. Coefs |
-------------+---------------------------------------|
        year |         7           1           6     |
     flow_id |     34692       34692           0    *|
-----------------------------------------------------+
* = FE nested within cluster; treated as redundant for DoF computation
Iteration 1:   deviance = 3.7707e+08  eps = .         iters = 3    tol = 1.0e-04  min(eta) =  -3.19  P
>    
Iteration 2:   deviance = 1.6332e+08  eps = 1.31e+00  iters = 2    tol = 1.0e-04  min(eta) =  -4.05   
>    
Iteration 3:   deviance = 1.5498e+08  eps = 5.38e-02  iters = 2    tol = 1.0e-04  min(eta) =  -4.65   
>    
Iteration 4:   deviance = 1.5486e+08  eps = 7.58e-04  iters = 2    tol = 1.0e-04  min(eta) =  -4.89   
>    
Iteration 5:   deviance = 1.5486e+08  eps = 1.66e-06  iters = 2    tol = 1.0e-04  min(eta) =  -4.93   
>    
Iteration 6:   deviance = 1.5486e+08  eps = 3.90e-11  iters = 1    tol = 1.0e-05  min(eta) =  -4.93   
> S  
Iteration 7:   deviance = 1.5486e+08  eps = 0.00e+00  iters = 1    tol = 1.0e-07  min(eta) =  -4.93   
> S  
Iteration 8:   deviance = 1.5486e+08  eps = 0.00e+00  iters = 1    tol = 1.0e-09  min(eta) =  -4.93   
> S O
------------------------------------------------------------------------------------------------------
> ------
(legend: p: exact partial-out   s: exact solver   h: step-halving   o: epsilon below tolerance)
Converged in 8 iterations and 14 HDFE sub-iterations (tol = 1.0e-08)

HDFE PPML regression                              No. of obs      =    242,844
Absorbing 2 HDFE groups                           Residual df     =     34,691
Statistics robust to heteroskedasticity           Wald chi2(2)    =      80.57
Deviance             =  154863730.3               Prob > chi2     =     0.0000
Log pseudolikelihood = -78671605.12               Pseudo R2       =     0.9813

Number of clusters (flow_id)=     34,692
                                   (Std. err. adjusted for 34,692 clusters in flow_id)
--------------------------------------------------------------------------------------
                     |               Robust
                 agi | Coefficient  std. err.      z    P>|z|     [95% conf. interval]
---------------------+----------------------------------------------------------------
1.out_multnomah_post |   .1702923   .0611878     2.78   0.005     .0503664    .2902181
 1.in_multnomah_post |   -.184156   .0217875    -8.45   0.000    -.2268587   -.1414533
               _cons |    10.8117   .0001194  9.1e+04   0.000     10.81147    10.81193
--------------------------------------------------------------------------------------

Absorbed degrees of freedom:
-----------------------------------------------------+
 Absorbed FE | Categories  - Redundant  = Num. Coefs |
-------------+---------------------------------------|
        year |         7           1           6     |
     flow_id |     34692       34692           0    *|
-----------------------------------------------------+
* = FE nested within cluster; treated as redundant for DoF computation
file C:/Users/ji252/Documents/GitHub/multnomah-county-tax/results/flows/fig_multnomah_post_agi.png
    saved as PNG format

. 
. ********************************************************************************
. ** REGRESSION 1b: Loop over all counties (Permutation-style analysis)
. ** Purpose: Run same DiD regression for each county to create distribution
. **          of treatment effects for comparison with Multnomah
. ********************************************************************************
. 
. ** Preserve data for later use in REGRESSION 2
. preserve

. 
. ** Get list of unique origin fips codes
. levelsof fips_o, local(fips_list)
1001 1003 1005 1007 1009 1011 1013 1015 1017 1019 1021 1025 1027 1029 1031 1033 1035 1037 1039 1041 10
> 43 1045 1047 1049 1051 1053 1055 1057 1059 1061 1063 1065 1067 1069 1071 1073 1075 1077 1079 1081 10
> 83 1085 1087 1089 1091 1093 1095 1097 1099 1101 1103 1105 1107 1109 1111 1113 1115 1117 1119 1121 11
> 23 1125 1127 1129 1131 1133 4001 4003 4005 4007 4009 4011 4012 4013 4015 4017 4019 4021 4023 4025 40
> 27 5001 5003 5005 5007 5009 5011 5015 5017 5019 5021 5023 5025 5027 5029 5031 5033 5035 5037 5041 50
> 43 5045 5047 5049 5051 5053 5055 5057 5059 5061 5063 5065 5067 5069 5071 5073 5075 5077 5079 5081 50
> 83 5085 5087 5089 5091 5093 5095 5097 5099 5101 5103 5105 5107 5109 5111 5115 5117 5119 5121 5123 51
> 25 5127 5131 5133 5135 5139 5141 5143 5145 5147 5149 6001 6005 6007 6009 6011 6013 6015 6017 6019 60
> 21 6023 6025 6027 6029 6031 6033 6035 6037 6039 6041 6043 6045 6047 6051 6053 6055 6057 6059 6061 60
> 63 6065 6067 6069 6071 6073 6075 6077 6079 6081 6083 6085 6087 6089 6093 6095 6097 6099 6101 6103 61
> 05 6107 6109 6111 6113 6115 8001 8003 8005 8007 8013 8014 8015 8019 8021 8027 8029 8031 8035 8037 80
> 39 8041 8043 8045 8047 8049 8051 8055 8059 8067 8069 8071 8075 8077 8081 8083 8085 8087 8089 8091 80
> 93 8097 8101 8103 8105 8107 8109 8113 8117 8119 8123 10001 10003 10005 11001 12001 12003 12005 12007
>  12009 12011 12013 12015 12017 12019 12021 12023 12027 12029 12031 12033 12035 12037 12039 12041 120
> 43 12045 12047 12049 12051 12053 12055 12057 12059 12061 12063 12065 12067 12069 12071 12073 12075 1
> 2077 12079 12081 12083 12085 12086 12087 12089 12091 12093 12095 12097 12099 12101 12103 12105 12107
>  12109 12111 12113 12115 12117 12119 12121 12123 12125 12127 12129 12131 12133 13001 13003 13005 130
> 09 13011 13013 13015 13017 13019 13021 13023 13025 13027 13029 13031 13033 13035 13039 13043 13045 1
> 3047 13049 13051 13053 13055 13057 13059 13063 13067 13069 13071 13073 13075 13077 13079 13081 13083
>  13085 13087 13089 13091 13093 13095 13097 13099 13101 13103 13105 13107 13109 13111 13113 13115 131
> 17 13119 13121 13123 13127 13129 13131 13133 13135 13137 13139 13141 13143 13145 13147 13149 13151 1
> 3153 13155 13157 13159 13161 13163 13165 13167 13169 13171 13173 13175 13177 13179 13181 13183 13185
>  13187 13189 13191 13193 13195 13197 13199 13201 13205 13207 13209 13211 13213 13215 13217 13219 132
> 21 13223 13225 13227 13229 13231 13233 13235 13237 13241 13245 13247 13249 13251 13253 13255 13257 1
> 3259 13261 13263 13267 13271 13273 13275 13277 13279 13281 13283 13285 13287 13289 13291 13293 13295
>  13297 13299 13301 13303 13305 13311 13313 13319 13321 16001 16005 16009 16011 16013 16015 16017 160
> 19 16021 16027 16029 16031 16035 16039 16041 16043 16045 16047 16049 16051 16053 16055 16057 16061 1
> 6063 16065 16067 16069 16073 16075 16077 16079 16081 16083 16085 16087 17001 17003 17005 17007 17011
>  17015 17017 17019 17021 17023 17025 17027 17029 17031 17033 17035 17037 17039 17041 17043 17045 170
> 49 17051 17053 17055 17057 17059 17061 17063 17065 17067 17071 17073 17075 17077 17079 17081 17083 1
> 7085 17087 17089 17091 17093 17095 17097 17099 17101 17103 17105 17107 17109 17111 17113 17115 17117
>  17119 17121 17123 17125 17127 17129 17131 17133 17135 17137 17139 17141 17143 17145 17147 17149 171
> 55 17157 17159 17161 17163 17165 17167 17169 17171 17173 17175 17177 17179 17181 17183 17185 17187 1
> 7189 17191 17195 17197 17199 17201 17203 18001 18003 18005 18007 18009 18011 18013 18015 18017 18019
>  18021 18023 18025 18027 18029 18031 18033 18035 18037 18039 18041 18043 18045 18047 18049 18051 180
> 53 18055 18057 18059 18061 18063 18065 18067 18069 18071 18073 18075 18077 18079 18081 18083 18085 1
> 8087 18089 18091 18093 18095 18097 18099 18101 18103 18105 18107 18109 18111 18113 18115 18117 18119
>  18121 18123 18125 18127 18129 18131 18133 18135 18137 18139 18141 18143 18145 18147 18149 18151 181
> 53 18155 18157 18159 18161 18163 18165 18167 18169 18171 18173 18175 18177 18179 18181 18183 19001 1
> 9005 19007 19011 19013 19015 19017 19019 19021 19023 19025 19027 19029 19031 19033 19037 19039 19041
>  19043 19045 19047 19049 19051 19053 19055 19057 19059 19061 19063 19065 19067 19069 19071 19073 190
> 75 19077 19079 19081 19083 19085 19087 19089 19091 19095 19097 19099 19101 19103 19105 19107 19109 1
> 9111 19113 19115 19117 19119 19121 19123 19125 19127 19129 19133 19139 19141 19143 19145 19147 19149
>  19153 19155 19157 19161 19163 19165 19167 19169 19171 19173 19175 19179 19181 19183 19187 19189 191
> 91 19193 19195 19197 20001 20005 20009 20011 20015 20021 20027 20029 20031 20035 20037 20041 20043 2
> 0045 20051 20055 20057 20059 20061 20069 20077 20079 20085 20087 20091 20093 20095 20099 20103 20107
>  20111 20113 20115 20121 20125 20131 20133 20139 20143 20145 20149 20151 20155 20159 20161 20163 201
> 67 20169 20173 20175 20177 20191 20197 20205 20209 21001 21003 21005 21007 21009 21011 21013 21015 2
> 1017 21019 21021 21023 21025 21027 21029 21031 21033 21035 21037 21041 21043 21045 21047 21049 21051
>  21053 21059 21061 21065 21067 21069 21071 21073 21075 21077 21079 21081 21083 21085 21087 21089 210
> 91 21093 21095 21097 21099 21101 21103 21107 21109 21111 21113 21115 21117 21119 21121 21123 21125 2
> 1127 21131 21133 21135 21137 21139 21141 21143 21145 21147 21149 21151 21153 21155 21157 21159 21161
>  21163 21165 21167 21169 21171 21173 21175 21177 21179 21181 21183 21185 21187 21191 21193 21195 211
> 97 21199 21203 21205 21207 21209 21211 21213 21215 21217 21219 21221 21223 21225 21227 21229 21231 2
> 1233 21235 21239 22001 22003 22005 22007 22009 22011 22013 22015 22017 22019 22021 22023 22025 22027
>  22029 22031 22033 22035 22037 22039 22041 22043 22045 22047 22049 22051 22053 22055 22057 22059 220
> 61 22063 22065 22067 22069 22071 22073 22075 22077 22079 22081 22083 22085 22087 22089 22091 22093 2
> 2095 22097 22099 22101 22103 22105 22109 22111 22113 22115 22117 22119 22121 22123 22125 22127 23001
>  23003 23005 23007 23009 23011 23013 23015 23017 23019 23021 23023 23025 23027 23029 23031 24001 240
> 03 24005 24009 24011 24013 24015 24017 24019 24021 24023 24025 24027 24029 24031 24033 24035 24037 2
> 4039 24041 24043 24045 24047 24510 25001 25003 25005 25007 25009 25011 25013 25015 25017 25019 25021
>  25023 25025 25027 26001 26003 26005 26007 26009 26011 26013 26015 26017 26019 26021 26023 26025 260
> 27 26029 26031 26033 26035 26037 26039 26041 26043 26045 26047 26049 26051 26053 26055 26057 26059 2
> 6061 26063 26065 26067 26069 26071 26073 26075 26077 26079 26081 26083 26085 26087 26089 26091 26093
>  26097 26099 26101 26103 26105 26107 26109 26111 26113 26115 26117 26119 26121 26123 26125 26127 261
> 29 26133 26137 26139 26141 26143 26145 26147 26149 26151 26153 26155 26157 26159 26161 26163 26165 2
> 7001 27003 27005 27007 27009 27013 27015 27017 27019 27021 27023 27025 27027 27029 27033 27035 27037
>  27039 27041 27043 27045 27047 27049 27051 27053 27055 27057 27059 27061 27063 27065 27067 27071 270
> 75 27079 27081 27083 27085 27089 27091 27093 27095 27097 27099 27103 27105 27107 27109 27111 27113 2
> 7115 27117 27119 27121 27123 27127 27129 27131 27133 27137 27139 27141 27143 27145 27147 27151 27153
>  27157 27159 27161 27163 27165 27167 27169 27171 27173 28001 28003 28005 28007 28009 28011 28013 280
> 15 28017 28019 28021 28023 28025 28027 28029 28031 28033 28035 28039 28041 28043 28045 28047 28049 2
> 8051 28057 28059 28061 28063 28065 28067 28069 28071 28073 28075 28077 28079 28081 28083 28085 28087
>  28089 28091 28093 28095 28097 28099 28101 28103 28105 28107 28109 28111 28113 28115 28117 28119 281
> 21 28123 28127 28129 28131 28133 28135 28137 28139 28141 28143 28145 28147 28149 28151 28153 28155 2
> 8157 28159 28161 28163 29001 29003 29007 29009 29011 29013 29015 29017 29019 29021 29023 29025 29027
>  29029 29031 29035 29037 29039 29041 29043 29045 29047 29049 29051 29053 29055 29057 29059 29063 290
> 65 29067 29069 29071 29073 29077 29079 29083 29085 29089 29091 29093 29095 29097 29099 29101 29105 2
> 9107 29109 29111 29113 29115 29119 29121 29123 29125 29127 29131 29133 29135 29137 29139 29141 29143
>  29145 29147 29149 29151 29153 29155 29157 29159 29161 29163 29165 29167 29169 29173 29175 29177 291
> 81 29183 29185 29186 29187 29189 29195 29197 29201 29203 29207 29209 29211 29213 29215 29217 29219 2
> 9221 29223 29225 29229 29510 30003 30005 30007 30009 30013 30015 30017 30023 30027 30029 30031 30035
>  30041 30043 30047 30049 30053 30057 30061 30063 30065 30067 30081 30083 30087 30089 30093 30095 300
> 99 30111 31001 31003 31013 31019 31023 31025 31035 31037 31041 31043 31047 31051 31053 31055 31067 3
> 1079 31081 31093 31095 31097 31099 31101 31109 31111 31119 31121 31123 31127 31131 31137 31139 31141
>  31143 31151 31153 31155 31157 31159 31167 31177 31179 31185 32001 32003 32005 32007 32013 32015 320
> 17 32019 32023 32027 32029 32031 32033 32510 33001 33003 33005 33007 33009 33011 33013 33015 33017 3
> 3019 34001 34003 34005 34007 34009 34011 34013 34015 34017 34019 34021 34023 34025 34027 34029 34031
>  34033 34035 34037 34039 34041 35001 35005 35006 35007 35009 35013 35015 35017 35025 35027 35028 350
> 29 35031 35035 35039 35041 35043 35045 35047 35049 35051 35053 35055 35057 35061 36001 36003 36005 3
> 6007 36009 36011 36013 36015 36017 36019 36021 36023 36025 36027 36029 36031 36033 36035 36037 36039
>  36043 36045 36047 36049 36051 36053 36055 36057 36059 36061 36063 36065 36067 36069 36071 36073 360
> 75 36077 36079 36081 36083 36085 36087 36089 36091 36093 36095 36097 36099 36101 36103 36105 36107 3
> 6109 36111 36113 36115 36117 36119 36121 36123 37001 37003 37007 37009 37011 37013 37015 37017 37019
>  37021 37023 37025 37027 37029 37031 37033 37035 37037 37039 37041 37043 37045 37047 37049 37051 370
> 53 37055 37057 37059 37061 37063 37065 37067 37069 37071 37073 37077 37079 37081 37083 37085 37087 3
> 7089 37091 37093 37097 37099 37101 37103 37105 37107 37109 37111 37113 37115 37117 37119 37121 37123
>  37125 37127 37129 37131 37133 37135 37137 37139 37141 37143 37145 37147 37149 37151 37153 37155 371
> 57 37159 37161 37163 37165 37167 37169 37171 37173 37175 37179 37181 37183 37185 37187 37189 37191 3
> 7193 37195 37197 37199 38003 38005 38009 38015 38017 38025 38035 38049 38053 38055 38057 38059 38061
>  38067 38071 38073 38075 38077 38089 38093 38097 38099 38101 38105 39001 39003 39005 39007 39009 390
> 11 39013 39015 39017 39019 39021 39023 39025 39027 39029 39031 39033 39035 39037 39039 39041 39043 3
> 9045 39047 39049 39051 39053 39055 39057 39059 39061 39063 39065 39067 39069 39071 39073 39075 39077
>  39079 39081 39083 39085 39087 39089 39091 39093 39095 39097 39099 39101 39103 39105 39107 39109 391
> 11 39113 39115 39117 39119 39121 39123 39125 39127 39129 39131 39133 39135 39137 39139 39141 39143 3
> 9145 39147 39149 39151 39153 39155 39157 39159 39161 39163 39165 39167 39169 39171 39173 39175 40001
>  40005 40009 40011 40013 40015 40017 40019 40021 40023 40027 40029 40031 40033 40035 40037 40039 400
> 41 40045 40047 40049 40051 40053 40055 40061 40063 40065 40067 40069 40071 40073 40077 40079 40081 4
> 0083 40085 40087 40089 40091 40093 40095 40097 40099 40101 40103 40105 40107 40109 40111 40113 40115
>  40117 40119 40121 40123 40125 40127 40131 40133 40135 40137 40139 40141 40143 40145 40147 40149 401
> 53 41001 41003 41005 41007 41009 41011 41013 41015 41017 41019 41027 41029 41031 41033 41035 41039 4
> 1041 41043 41045 41047 41049 41051 41053 41057 41059 41061 41065 41067 41071 42001 42003 42005 42007
>  42009 42011 42013 42015 42017 42019 42021 42025 42027 42029 42031 42033 42035 42037 42039 42041 420
> 43 42045 42047 42049 42051 42055 42057 42059 42061 42063 42065 42067 42069 42071 42073 42075 42077 4
> 2079 42081 42083 42085 42087 42089 42091 42093 42095 42097 42099 42101 42103 42105 42107 42109 42111
>  42113 42115 42117 42119 42121 42123 42125 42127 42129 42131 42133 44001 44003 44005 44007 44009 450
> 01 45003 45005 45007 45009 45011 45013 45015 45017 45019 45021 45023 45025 45027 45029 45031 45033 4
> 5035 45037 45039 45041 45043 45045 45047 45049 45051 45053 45055 45057 45059 45061 45063 45065 45067
>  45069 45071 45073 45075 45077 45079 45081 45083 45085 45087 45089 45091 46005 46009 46011 46013 460
> 19 46027 46029 46033 46035 46045 46047 46057 46061 46065 46077 46079 46081 46083 46087 46093 46099 4
> 6101 46102 46103 46115 46117 46125 46127 46135 47001 47003 47005 47007 47009 47011 47013 47015 47017
>  47019 47021 47023 47025 47029 47031 47033 47035 47037 47039 47041 47043 47045 47047 47049 47051 470
> 53 47055 47057 47059 47061 47063 47065 47069 47071 47073 47075 47077 47079 47081 47083 47085 47087 4
> 7089 47091 47093 47095 47097 47099 47101 47103 47105 47107 47109 47111 47113 47115 47117 47119 47121
>  47123 47125 47127 47129 47131 47133 47137 47139 47141 47143 47145 47147 47149 47151 47153 47155 471
> 57 47159 47161 47163 47165 47167 47169 47171 47173 47175 47177 47179 47181 47183 47185 47187 47189 4
> 8001 48003 48005 48007 48009 48013 48015 48019 48021 48025 48027 48029 48031 48035 48037 48039 48041
>  48047 48049 48051 48053 48055 48057 48059 48061 48063 48065 48067 48071 48073 48077 48081 48083 480
> 85 48089 48091 48093 48097 48099 48103 48107 48111 48113 48115 48117 48119 48121 48123 48127 48131 4
> 8133 48135 48139 48141 48143 48145 48147 48149 48153 48157 48159 48161 48163 48165 48167 48169 48171
>  48175 48177 48179 48181 48183 48185 48187 48189 48193 48199 48201 48203 48205 48209 48213 48215 482
> 17 48219 48221 48223 48225 48227 48229 48231 48233 48239 48241 48245 48249 48251 48253 48255 48257 4
> 8259 48265 48273 48277 48279 48281 48283 48285 48287 48289 48291 48293 48297 48299 48303 48305 48309
>  48313 48315 48317 48321 48323 48325 48329 48331 48337 48339 48341 48343 48347 48349 48351 48353 483
> 55 48357 48361 48363 48365 48367 48369 48371 48373 48375 48377 48379 48381 48387 48389 48395 48397 4
> 8399 48401 48403 48405 48407 48409 48413 48415 48419 48423 48425 48427 48437 48439 48441 48445 48449
>  48451 48453 48455 48457 48459 48463 48465 48467 48469 48471 48473 48475 48477 48479 48481 48485 484
> 87 48489 48491 48493 48495 48497 48499 48501 48503 48505 48507 49001 49003 49005 49007 49011 49013 4
> 9015 49019 49021 49023 49025 49027 49029 49035 49037 49039 49041 49043 49045 49047 49049 49051 49053
>  49057 50001 50003 50005 50007 50009 50011 50013 50015 50017 50019 50021 50023 50025 50027 51001 510
> 07 51009 51013 51019 51023 51025 51027 51029 51033 51036 51037 51041 51043 51047 51049 51057 51061 5
> 1065 51067 51071 51073 51075 51079 51083 51085 51087 51093 51097 51099 51101 51103 51107 51109 51111
>  51113 51115 51117 51119 51125 51127 51131 51133 51135 51137 51139 51141 51145 51147 51155 51157 511
> 59 51167 51169 51171 51173 51179 51185 51187 51193 51197 51510 51550 51650 51700 51710 51740 51760 5
> 1770 51800 51810 53001 53003 53005 53007 53009 53011 53013 53015 53017 53019 53021 53025 53027 53029
>  53031 53033 53035 53037 53039 53041 53043 53045 53047 53049 53051 53053 53055 53057 53059 53061 530
> 63 53065 53067 53069 53071 53073 53075 53077 54001 54003 54005 54009 54011 54015 54017 54019 54023 5
> 4025 54027 54029 54031 54033 54035 54037 54039 54041 54043 54045 54047 54049 54051 54053 54055 54057
>  54059 54061 54063 54065 54067 54069 54073 54077 54079 54081 54083 54085 54087 54089 54091 54093 540
> 95 54097 54099 54103 54105 54107 54109 55001 55003 55005 55007 55009 55011 55013 55015 55017 55019 5
> 5021 55023 55025 55027 55029 55031 55033 55035 55037 55039 55043 55045 55047 55049 55051 55053 55055
>  55057 55059 55061 55063 55065 55067 55069 55071 55073 55075 55077 55078 55079 55081 55083 55085 550
> 87 55089 55091 55093 55095 55097 55101 55103 55105 55107 55109 55111 55113 55115 55117 55119 55121 5
> 5123 55125 55127 55129 55131 55133 55135 55137 55139 55141 56001 56003 56005 56007 56009 56011 56013
>  56015 56019 56021 56023 56025 56029 56031 56033 56037 56039 56041 56045

. local n_fips : word count `fips_list'

. dis "Running regressions for `n_fips' counties..."
Running regressions for 2621 counties...

. 
. ** Initialize tempfile to store results
. tempfile county_results

. postfile county_coefs fips b_out se_out b_in se_in using `county_results', replace
(file C:\Users\ji252\AppData\Local\Temp\ST_4058_000002.tmp not found)

. 
. ** Counter for display
. local ct = 1

. 
. foreach f of local fips_list {
  2. 
.         ** Display status every 100 counties
.         if mod(`ct', 100) == 0 {
  3.                 dis "Processing county `ct' of `n_fips' (fips = `f')..."
  4.         }
  5. 
.         ** Generate treatment vars
.         gen out_tmp = fips_o == `f'
  6.         gen in_tmp = fips_d == `f'
  7. 
.         ** Interactions
.         gen out_post_tmp = out_tmp * post
  8.         gen in_post_tmp = in_tmp * post
  9. 
.         ** Run regression with capture to handle potential errors
.         capture {
 10.                 ** Regression: With covariates
.                  ppmlhdfe agi i.out_post_tmp i.in_post_tmp      ///
>                         unemp_* pop_* per_capita_income_*                               ///
>                         if mover == 1,                                                              
>     ///
>                         absorb(year flow_id) vce(cluster flow_id)
 11. 
.                 ** Store coefficients and SEs
.                 local tmp_b_out = _b[1.out_post_tmp]
 12.                 local tmp_se_out = _se[1.out_post_tmp]
 13.                 local tmp_b_in = _b[1.in_post_tmp]
 14.                 local tmp_se_in = _se[1.in_post_tmp]
 15. 
.                 ** Post results
.                 post county_coefs (`f') (`tmp_b_out') (`tmp_se_out') (`tmp_b_in') (`tmp_se_in')
 16.         }
 17. 
.         ** If regression failed, post missing values
.         if _rc != 0 {
 18.                 post county_coefs (`f') (.) (.) (.) (.)
 19.                 dis "Warning: Regression failed for fips `f'"
 20.         }
 21. 
.         ** Drop temporary vars
.         drop out_tmp in_tmp out_post_tmp in_post_tmp
 22. 
.         ** Update count
.         local ct = `ct' + 1
 23. 
. } // END FIPS LOOP
Warning: Regression failed for fips 1105
Warning: Regression failed for fips 1131
Processing county 100 of 2621 (fips = 5041)...
Warning: Regression failed for fips 5073
Warning: Regression failed for fips 5095
Processing county 200 of 2621 (fips = 6103)...
Warning: Regression failed for fips 8113
Processing county 300 of 2621 (fips = 12089)...
Warning: Regression failed for fips 13099
Processing county 400 of 2621 (fips = 13167)...
Warning: Regression failed for fips 13201
Warning: Regression failed for fips 13259
Warning: Regression failed for fips 13283
Warning: Regression failed for fips 13303
Warning: Regression failed for fips 16063
Processing county 500 of 2621 (fips = 16079)...
Warning: Regression failed for fips 17059
Warning: Regression failed for fips 17065
Processing county 600 of 2621 (fips = 18001)...
Warning: Regression failed for fips 18183
Warning: Regression failed for fips 19001
Warning: Regression failed for fips 19005
Warning: Regression failed for fips 19007
Warning: Regression failed for fips 19011
Warning: Regression failed for fips 19013
Warning: Regression failed for fips 19015
Warning: Regression failed for fips 19017
Warning: Regression failed for fips 19019
Processing county 700 of 2621 (fips = 19021)...
Warning: Regression failed for fips 19021
Warning: Regression failed for fips 19023
Warning: Regression failed for fips 19025
Warning: Regression failed for fips 19027
Warning: Regression failed for fips 19029
Warning: Regression failed for fips 19031
Warning: Regression failed for fips 19033
Warning: Regression failed for fips 19037
Warning: Regression failed for fips 19039
Warning: Regression failed for fips 19041
Warning: Regression failed for fips 19043
Warning: Regression failed for fips 19045
Warning: Regression failed for fips 19047
Warning: Regression failed for fips 19049
Warning: Regression failed for fips 19051
Warning: Regression failed for fips 19053
Warning: Regression failed for fips 19055
Warning: Regression failed for fips 19057
Warning: Regression failed for fips 19059
Warning: Regression failed for fips 19061
Warning: Regression failed for fips 19063
Warning: Regression failed for fips 19065
Warning: Regression failed for fips 19067
Warning: Regression failed for fips 19069
Warning: Regression failed for fips 19071
Warning: Regression failed for fips 19073
Warning: Regression failed for fips 19075
Warning: Regression failed for fips 19077
Warning: Regression failed for fips 19079
Warning: Regression failed for fips 19081
Warning: Regression failed for fips 19083
Warning: Regression failed for fips 19085
Warning: Regression failed for fips 19087
Warning: Regression failed for fips 19089
Warning: Regression failed for fips 19091
Warning: Regression failed for fips 19095
Warning: Regression failed for fips 19129
